TN:
SF:src/app.js
FN:26,(anonymous_0)
FN:50,(anonymous_1)
FNF:2
FNH:1
FNDA:31,(anonymous_0)
FNDA:0,(anonymous_1)
DA:1,3
DA:2,3
DA:3,3
DA:4,3
DA:5,3
DA:7,3
DA:8,3
DA:9,3
DA:10,3
DA:11,3
DA:13,3
DA:16,3
DA:17,3
DA:20,3
DA:24,3
DA:27,31
DA:28,0
DA:34,3
DA:37,3
DA:40,3
DA:41,3
DA:42,3
DA:43,3
DA:46,3
DA:47,3
DA:48,3
DA:50,3
DA:53,3
DA:55,3
LF:29
LH:28
BRDA:20,0,0,0
BRDA:20,0,1,3
BRDA:27,1,0,31
BRDA:27,1,1,0
BRDA:27,2,0,31
BRDA:27,2,1,0
BRF:6
BRH:3
end_of_record
TN:
SF:src/controllers/auth.controller.js
FN:4,generateAccessToken
FN:8,generateRefreshToken
FN:12,register
FN:43,login
FN:68,refresh
FN:94,logout
FNF:6
FNH:6
FNDA:5,generateAccessToken
FNDA:4,generateRefreshToken
FNDA:5,register
FNDA:3,login
FNDA:2,refresh
FNDA:1,logout
DA:1,3
DA:2,3
DA:5,5
DA:9,4
DA:13,5
DA:14,5
DA:16,5
DA:17,5
DA:18,1
DA:21,4
DA:22,4
DA:23,1
DA:26,3
DA:32,3
DA:33,3
DA:35,3
DA:37,3
DA:39,0
DA:44,3
DA:45,3
DA:47,3
DA:48,3
DA:49,1
DA:52,2
DA:53,2
DA:54,1
DA:57,1
DA:58,1
DA:60,1
DA:62,1
DA:64,0
DA:69,2
DA:70,2
DA:71,2
DA:72,1
DA:76,1
DA:77,1
DA:79,0
DA:82,1
DA:83,1
DA:84,0
DA:87,1
DA:88,1
DA:90,0
DA:95,1
DA:96,1
DA:97,1
DA:98,1
DA:100,1
DA:102,0
DA:106,3
LF:51
LH:45
BRDA:17,0,0,1
BRDA:17,0,1,4
BRDA:22,1,0,1
BRDA:22,1,1,3
BRDA:48,2,0,1
BRDA:48,2,1,2
BRDA:53,3,0,1
BRDA:53,3,1,1
BRDA:71,4,0,1
BRDA:71,4,1,1
BRDA:83,5,0,0
BRDA:83,5,1,1
BRDA:83,6,0,1
BRDA:83,6,1,1
BRDA:97,7,0,1
BRDA:97,7,1,0
BRF:16
BRH:14
end_of_record
TN:
SF:src/controllers/category.controller.js
FN:3,list
FN:36,create
FN:50,update
FN:67,remove
FNF:4
FNH:4
FNDA:2,list
FNDA:1,create
FNDA:2,update
FNDA:2,remove
DA:1,3
DA:4,2
DA:5,2
DA:7,2
DA:8,1
DA:9,1
DA:15,1
DA:26,1
DA:30,1
DA:32,0
DA:37,1
DA:38,1
DA:39,1
DA:44,1
DA:46,0
DA:51,2
DA:52,2
DA:55,2
DA:57,1
DA:58,1
DA:59,1
DA:61,1
DA:63,0
DA:68,2
DA:69,2
DA:72,2
DA:73,1
DA:75,0
DA:79,3
LF:29
LH:25
BRDA:7,0,0,1
BRDA:7,0,1,1
BRDA:7,1,0,2
BRDA:7,1,1,1
BRDA:41,2,0,1
BRDA:41,2,1,0
BRDA:55,3,0,1
BRDA:55,3,1,1
BRDA:57,4,0,1
BRDA:57,4,1,0
BRDA:58,5,0,0
BRDA:58,5,1,1
BRDA:72,6,0,1
BRDA:72,6,1,1
BRF:14
BRH:11
end_of_record
TN:
SF:src/controllers/task.controller.js
FN:4,list
FN:43,create
FN:72,update
FN:105,remove
FNF:4
FNH:4
FNDA:1,list
FNDA:1,create
FNDA:2,update
FNDA:2,remove
DA:1,3
DA:2,3
DA:5,1
DA:6,1
DA:8,1
DA:10,1
DA:11,1
DA:12,1
DA:13,0
DA:19,1
DA:21,1
DA:29,1
DA:39,0
DA:44,1
DA:45,1
DA:47,1
DA:48,0
DA:49,0
DA:52,1
DA:62,1
DA:66,1
DA:68,0
DA:73,2
DA:74,2
DA:75,2
DA:77,1
DA:79,1
DA:80,0
DA:81,0
DA:82,0
DA:84,0
DA:87,1
DA:88,1
DA:89,1
DA:90,1
DA:91,1
DA:93,1
DA:95,1
DA:99,1
DA:101,0
DA:106,2
DA:107,2
DA:108,2
DA:109,1
DA:111,0
DA:115,3
LF:46
LH:35
BRDA:6,0,0,1
BRDA:6,1,0,1
BRDA:10,2,0,0
BRDA:10,2,1,1
BRDA:11,3,0,0
BRDA:11,3,1,1
BRDA:12,4,0,0
BRDA:12,4,1,1
BRDA:47,5,0,0
BRDA:47,5,1,1
BRDA:49,6,0,0
BRDA:49,6,1,0
BRDA:54,7,0,1
BRDA:54,7,1,1
BRDA:55,8,0,1
BRDA:55,8,1,0
BRDA:56,9,0,1
BRDA:56,9,1,0
BRDA:57,10,0,1
BRDA:57,10,1,1
BRDA:59,11,0,1
BRDA:59,11,1,1
BRDA:75,12,0,1
BRDA:75,12,1,1
BRDA:79,13,0,0
BRDA:79,13,1,1
BRDA:80,14,0,0
BRDA:80,14,1,0
BRDA:82,15,0,0
BRDA:82,15,1,0
BRDA:87,16,0,1
BRDA:87,16,1,0
BRDA:88,17,0,0
BRDA:88,17,1,1
BRDA:89,18,0,0
BRDA:89,18,1,1
BRDA:90,19,0,0
BRDA:90,19,1,1
BRDA:91,20,0,0
BRDA:91,20,1,1
BRDA:108,21,0,1
BRDA:108,21,1,1
BRF:42
BRH:24
end_of_record
TN:
SF:src/controllers/user.controller.js
FN:4,getMe
FN:14,uploadAvatar
FNF:2
FNH:0
FNDA:0,getMe
FNDA:0,uploadAvatar
DA:1,3
DA:2,3
DA:5,0
DA:6,0
DA:7,0
DA:8,0
DA:10,0
DA:15,0
DA:16,0
DA:17,0
DA:20,0
DA:21,0
DA:22,0
DA:24,0
DA:26,0
DA:28,0
DA:32,3
LF:17
LH:3
BRDA:7,0,0,0
BRDA:7,0,1,0
BRDA:16,1,0,0
BRDA:16,1,1,0
BRDA:22,2,0,0
BRDA:22,2,1,0
BRF:6
BRH:0
end_of_record
TN:
SF:src/middleware/auth.middleware.js
FN:3,authMiddleware
FNF:1
FNH:1
FNDA:23,authMiddleware
DA:1,4
DA:4,23
DA:5,23
DA:6,4
DA:9,19
DA:10,19
DA:11,19
DA:12,16
DA:13,16
DA:15,3
DA:19,4
LF:11
LH:11
BRDA:5,0,0,4
BRDA:5,0,1,19
BRDA:5,1,0,23
BRDA:5,1,1,19
BRF:4
BRH:4
end_of_record
TN:
SF:src/middleware/error.middleware.js
FN:1,errorHandler
FNF:1
FNH:1
FNDA:2,errorHandler
DA:2,2
DA:4,2
DA:6,2
DA:12,2
DA:13,0
DA:16,2
DA:19,4
LF:7
LH:6
BRDA:4,0,0,2
BRDA:4,0,1,1
BRDA:4,0,2,1
BRDA:7,1,0,2
BRDA:7,1,1,0
BRDA:8,2,0,2
BRDA:8,2,1,0
BRDA:12,3,0,0
BRDA:12,3,1,2
BRF:9
BRH:6
end_of_record
TN:
SF:src/middleware/upload.middleware.js
FN:11,(anonymous_0)
FN:12,(anonymous_1)
FN:18,(anonymous_2)
FNF:3
FNH:0
FNDA:0,(anonymous_0)
FNDA:0,(anonymous_1)
FNDA:0,(anonymous_2)
DA:1,3
DA:2,3
DA:3,3
DA:5,3
DA:6,3
DA:7,0
DA:10,3
DA:11,0
DA:13,0
DA:14,0
DA:18,3
DA:19,0
DA:20,0
DA:21,0
DA:24,3
DA:26,3
LF:16
LH:9
BRDA:6,0,0,0
BRDA:6,0,1,3
BRDA:20,1,0,0
BRDA:20,1,1,0
BRF:4
BRH:1
end_of_record
TN:
SF:src/middleware/validate.middleware.js
FN:1,validate
FN:2,(anonymous_1)
FNF:2
FNH:2
FNDA:17,validate
FNDA:17,(anonymous_1)
DA:2,17
DA:3,17
DA:4,17
DA:5,4
DA:7,13
DA:11,4
LF:6
LH:6
BRDA:4,0,0,4
BRDA:4,0,1,13
BRF:2
BRH:2
end_of_record
TN:
SF:src/routes/auth.routes.js
FNF:0
FNH:0
DA:1,3
DA:2,3
DA:3,3
DA:4,3
DA:6,3
DA:38,3
DA:62,3
DA:85,3
DA:105,3
DA:107,3
LF:10
LH:10
BRF:0
BRH:0
end_of_record
TN:
SF:src/routes/category.routes.js
FNF:0
FNH:0
DA:1,3
DA:2,3
DA:3,3
DA:4,3
DA:5,3
DA:7,3
DA:9,3
DA:39,3
DA:63,3
DA:93,3
DA:115,3
DA:117,3
LF:12
LH:12
BRF:0
BRH:0
end_of_record
TN:
SF:src/routes/task.routes.js
FNF:0
FNH:0
DA:1,3
DA:2,3
DA:3,3
DA:4,3
DA:5,3
DA:7,3
DA:9,3
DA:57,3
DA:89,3
DA:123,3
DA:145,3
DA:147,3
LF:12
LH:12
BRF:0
BRH:0
end_of_record
TN:
SF:src/routes/user.routes.js
FNF:0
FNH:0
DA:1,3
DA:2,3
DA:3,3
DA:4,3
DA:6,3
DA:8,3
DA:31,3
DA:57,3
DA:59,3
LF:9
LH:9
BRF:0
BRH:0
end_of_record
TN:
SF:src/validators/auth.validator.js
FN:1,validateRegister
FN:15,validateLogin
FNF:2
FNH:2
FNDA:6,validateRegister
FNDA:3,validateLogin
DA:2,6
DA:3,6
DA:4,1
DA:6,6
DA:7,1
DA:9,6
DA:10,1
DA:12,6
DA:16,3
DA:17,3
DA:18,3
DA:19,3
DA:22,3
LF:13
LH:13
BRDA:3,0,0,1
BRDA:3,0,1,5
BRDA:3,1,0,6
BRDA:3,1,1,6
BRDA:6,2,0,1
BRDA:6,2,1,5
BRDA:6,3,0,6
BRDA:6,3,1,6
BRDA:9,4,0,1
BRDA:9,4,1,5
BRDA:9,5,0,6
BRDA:9,5,1,6
BRDA:17,6,0,0
BRDA:17,6,1,3
BRDA:17,7,0,3
BRDA:17,7,1,3
BRDA:18,8,0,0
BRDA:18,8,1,3
BRF:18
BRH:16
end_of_record
TN:
SF:src/validators/category.validator.js
FN:1,validateCategory
FNF:1
FNH:1
FNDA:4,validateCategory
DA:2,4
DA:3,4
DA:4,1
DA:6,4
DA:7,0
DA:9,4
DA:10,1
DA:12,4
DA:15,3
LF:9
LH:8
BRDA:3,0,0,1
BRDA:3,0,1,3
BRDA:3,1,0,4
BRDA:3,1,1,3
BRDA:6,2,0,0
BRDA:6,2,1,4
BRDA:6,3,0,4
BRDA:6,3,1,3
BRDA:9,4,0,1
BRDA:9,4,1,3
BRDA:9,5,0,4
BRDA:9,5,1,2
BRF:12
BRH:11
end_of_record
TN:
SF:src/validators/task.validator.js
FN:4,validateTask
FNF:1
FNH:1
FNDA:2,validateTask
DA:1,3
DA:2,3
DA:5,2
DA:6,2
DA:7,1
DA:9,2
DA:10,0
DA:12,2
DA:13,0
DA:15,2
DA:16,0
DA:18,2
DA:19,0
DA:21,2
DA:24,3
LF:15
LH:11
BRDA:6,0,0,1
BRDA:6,0,1,1
BRDA:6,1,0,2
BRDA:6,1,1,1
BRDA:9,2,0,0
BRDA:9,2,1,2
BRDA:9,3,0,2
BRDA:9,3,1,1
BRDA:12,4,0,0
BRDA:12,4,1,2
BRDA:12,5,0,2
BRDA:12,5,1,2
BRDA:15,6,0,0
BRDA:15,6,1,2
BRDA:15,7,0,2
BRDA:15,7,1,1
BRDA:18,8,0,0
BRDA:18,8,1,2
BRDA:18,9,0,2
BRDA:18,9,1,0
BRF:20
BRH:15
end_of_record
